<?xml version="1.0" encoding="UTF-8"?>
<testsuite xmlns:xsi="http://www.w3.org/2001/XMLSchema-instance" xsi:noNamespaceSchemaLocation="https://maven.apache.org/surefire/maven-surefire-plugin/xsd/surefire-test-report-3.0.xsd" version="3.0" name="com.programmingtechie.productservice.ProductServiceApplicationTests" time="2.82" tests="2" errors="0" skipped="0" failures="0">
  <properties>
[...]
</properties>
  <testcase name="shouldCreateProduct" classname="com.programmingtechie.productservice.ProductServiceApplicationTests" time="0.479">
    <system-out><![CDATA[23:51:24.353 [main] INFO org.springframework.test.context.support.AnnotationConfigContextLoaderUtils -- Could not detect default configuration classes for test class [com.programmingtechie.productservice.ProductServiceApplicationTests]: ProductServiceApplicationTests does not declare any static, non-private, non-final, nested classes annotated with @Configuration.
23:51:24.394 [main] INFO org.springframework.boot.test.context.SpringBootTestContextBootstrapper -- Found @SpringBootConfiguration com.programmingtechie.productservice.ProductServiceApplication for test class com.programmingtechie.productservice.ProductServiceApplicationTests
23:51:24.447 [main] INFO org.testcontainers.utility.ImageNameSubstitutor -- Image name substitution will be performed by: DefaultImageNameSubstitutor (composite of 'ConfigurationFileImageNameSubstitutor' and 'PrefixingImageNameSubstitutor')
23:51:24.550 [main] INFO org.testcontainers.dockerclient.DockerClientProviderStrategy -- Loaded org.testcontainers.dockerclient.UnixSocketClientProviderStrategy from ~/.testcontainers.properties, will try it first
23:51:24.663 [main] INFO org.testcontainers.dockerclient.DockerClientProviderStrategy -- Found Docker environment with local Unix socket (unix:///var/run/docker.sock)
23:51:24.664 [main] INFO org.testcontainers.DockerClientFactory -- Docker host IP address is localhost
23:51:24.679 [main] INFO org.testcontainers.DockerClientFactory -- Connected to docker: 
  Server Version: 24.0.2
  API Version: 1.43
  Operating System: Docker Desktop
  Total Memory: 7851 MB
23:51:24.689 [main] INFO tc.testcontainers/ryuk:0.5.1 -- Creating container for image: testcontainers/ryuk:0.5.1
23:51:24.965 [main] INFO tc.testcontainers/ryuk:0.5.1 -- Container testcontainers/ryuk:0.5.1 is starting: bf277137421514861fb4e7b9f9bb7c63769706fefed0247aae9603c97d604abb
23:51:25.189 [main] INFO tc.testcontainers/ryuk:0.5.1 -- Container testcontainers/ryuk:0.5.1 started in PT0.507225S
23:51:25.197 [main] INFO org.testcontainers.utility.RyukResourceReaper -- Ryuk started - will monitor and terminate Testcontainers containers on JVM exit
23:51:25.197 [main] INFO org.testcontainers.DockerClientFactory -- Checking the system...
23:51:25.197 [main] INFO org.testcontainers.DockerClientFactory -- ?? Docker server version should be at least 1.6.0
23:51:25.197 [main] INFO tc.mongo:4.4.2 -- Creating container for image: mongo:4.4.2
23:51:25.219 [main] INFO tc.mongo:4.4.2 -- Container mongo:4.4.2 is starting: b1a857c5e34f450eaeffe6c1f7b5971d1143b11c45348189be633fb80faf5e3b
23:51:25.545 [main] INFO tc.mongo:4.4.2 -- Container mongo:4.4.2 started in PT0.347768S

  .   ____          _            __ _ _
 /\\ / ___'_ __ _ _(_)_ __  __ _ \ \ \ \
( ( )\___ | '_ | '_| | '_ \/ _` | \ \ \ \
 \\/  ___)| |_)| | | | | || (_| |  ) ) ) )
  '  |____| .__|_| |_|_| |_\__, | / / / /
 =========|_|==============|___/=/_/_/_/
 :: Spring Boot ::                (v3.1.1)

2023-07-10T23:51:25.891+05:30  INFO 9799 --- [           main] c.p.p.ProductServiceApplicationTests     : Starting ProductServiceApplicationTests using Java 17.0.6 with PID 9799 (started by himalayajha in /Users/himalayajha/Documents/SpringBoot_Microservice/RealTime_Project_POC/microservices-new/product-service)
2023-07-10T23:51:25.892+05:30  INFO 9799 --- [           main] c.p.p.ProductServiceApplicationTests     : No active profile set, falling back to 1 default profile: "default"
2023-07-10T23:51:26.078+05:30  INFO 9799 --- [           main] .s.d.r.c.RepositoryConfigurationDelegate : Bootstrapping Spring Data MongoDB repositories in DEFAULT mode.
2023-07-10T23:51:26.098+05:30  INFO 9799 --- [           main] .s.d.r.c.RepositoryConfigurationDelegate : Finished Spring Data repository scanning in 18 ms. Found 1 MongoDB repository interfaces.
2023-07-10T23:51:26.246+05:30  INFO 9799 --- [           main] org.mongodb.driver.client                : MongoClient with metadata {"driver": {"name": "mongo-java-driver|sync|spring-boot", "version": "4.9.1"}, "os": {"type": "Darwin", "name": "Mac OS X", "architecture": "aarch64", "version": "13.4.1"}, "platform": "Java/Oracle Corporation/17.0.6+9-LTS-190"} created with settings MongoClientSettings{readPreference=primary, writeConcern=WriteConcern{w=null, wTimeout=null ms, journal=null}, retryWrites=true, retryReads=true, readConcern=ReadConcern{level=null}, credential=null, streamFactoryFactory=null, commandListeners=[], codecRegistry=ProvidersCodecRegistry{codecProviders=[ValueCodecProvider{}, BsonValueCodecProvider{}, DBRefCodecProvider{}, DBObjectCodecProvider{}, DocumentCodecProvider{}, CollectionCodecProvider{}, IterableCodecProvider{}, MapCodecProvider{}, GeoJsonCodecProvider{}, GridFSFileCodecProvider{}, Jsr310CodecProvider{}, JsonObjectCodecProvider{}, BsonCodecProvider{}, EnumCodecProvider{}, com.mongodb.client.model.mql.ExpressionCodecProvider@38087342, com.mongodb.Jep395RecordCodecProvider@681de87f]}, loggerSettings=LoggerSettings{maxDocumentLength=1000}, clusterSettings={hosts=[localhost:50189], srvServiceName=mongodb, mode=SINGLE, requiredClusterType=UNKNOWN, requiredReplicaSetName='null', serverSelector='null', clusterListeners='[]', serverSelectionTimeout='30000 ms', localThreshold='30000 ms'}, socketSettings=SocketSettings{connectTimeoutMS=10000, readTimeoutMS=0, receiveBufferSize=0, sendBufferSize=0}, heartbeatSocketSettings=SocketSettings{connectTimeoutMS=10000, readTimeoutMS=10000, receiveBufferSize=0, sendBufferSize=0}, connectionPoolSettings=ConnectionPoolSettings{maxSize=100, minSize=0, maxWaitTimeMS=120000, maxConnectionLifeTimeMS=0, maxConnectionIdleTimeMS=0, maintenanceInitialDelayMS=0, maintenanceFrequencyMS=60000, connectionPoolListeners=[], maxConnecting=2}, serverSettings=ServerSettings{heartbeatFrequencyMS=10000, minHeartbeatFrequencyMS=500, serverListeners='[]', serverMonitorListeners='[]'}, sslSettings=SslSettings{enabled=false, invalidHostNameAllowed=false, context=null}, applicationName='null', compressorList=[], uuidRepresentation=JAVA_LEGACY, serverApi=null, autoEncryptionSettings=null, contextProvider=null}
2023-07-10T23:51:26.258+05:30  INFO 9799 --- [localhost:50189] org.mongodb.driver.cluster               : Monitor thread successfully connected to server with description ServerDescription{address=localhost:50189, type=REPLICA_SET_PRIMARY, state=CONNECTED, ok=true, minWireVersion=0, maxWireVersion=9, maxDocumentSize=16777216, logicalSessionTimeoutMinutes=30, roundTripTimeNanos=9342792, setName='docker-rs', canonicalAddress=b1a857c5e34f:27017, hosts=[b1a857c5e34f:27017], passives=[], arbiters=[], primary='b1a857c5e34f:27017', tagSet=TagSet{[]}, electionId=7fffffff0000000000000001, setVersion=1, topologyVersion=TopologyVersion{processId=64ac4c2534b8827b37badfe3, counter=6}, lastWriteDate=Mon Jul 10 23:51:25 IST 2023, lastUpdateTimeNanos=8451444462625}
2023-07-10T23:51:26.482+05:30  INFO 9799 --- [           main] o.s.b.t.m.w.SpringBootMockServletContext : Initializing Spring TestDispatcherServlet ''
2023-07-10T23:51:26.482+05:30  INFO 9799 --- [           main] o.s.t.web.servlet.TestDispatcherServlet  : Initializing Servlet ''
2023-07-10T23:51:26.483+05:30  INFO 9799 --- [           main] o.s.t.web.servlet.TestDispatcherServlet  : Completed initialization in 1 ms
2023-07-10T23:51:26.491+05:30  INFO 9799 --- [           main] c.p.p.ProductServiceApplicationTests     : Started ProductServiceApplicationTests in 0.692 seconds (process running for 2.404)
2023-07-10T23:51:26.958+05:30  INFO 9799 --- [           main] c.p.p.service.ProductService             : Product 64ac4c262b99d97cf4f5582b is saved
]]></system-out>
  </testcase>
  <testcase name="getAllProduct" classname="com.programmingtechie.productservice.ProductServiceApplicationTests" time="0.009"/>
</testsuite>